2016-10-25 14:04:42,528 INFO  [org.alfresco.repo.admin] [localhost-startStop-1] Using database URL 'jdbc:h2:C:\Users\sreeharsha\git\usda\swim/alf_data_dev/h2_data/alf_dev;AUTO_SERVER=TRUE;DB_CLOSE_ON_EXIT=FALSE;LOCK_TIMEOUT=10000;MVCC=FALSE;LOCK_MODE=0' with user 'alfresco'.
2016-10-25 14:04:50,816 INFO  [org.alfresco.repo.admin] [localhost-startStop-1] Connected to database H2 version 1.4.190 (2015-10-11)
2016-10-25 14:05:09,765 INFO  [org.alfresco.repo.domain.schema.SchemaBootstrap] [localhost-startStop-1] Ignoring script patch (post-Hibernate): patch.db-V4.2-metadata-query-indexes
2016-10-25 14:05:09,765 INFO  [org.alfresco.repo.domain.schema.SchemaBootstrap] [localhost-startStop-1] Ignoring script patch (post-Hibernate): patch.db-V5.1-metadata-query-indexes
2016-10-25 14:05:41,577 INFO  [org.springframework.extensions.webscripts.TemplateProcessorRegistry] [localhost-startStop-1] Registered template processor Repository Template Processor for extension ftl
2016-10-25 14:05:41,583 INFO  [org.springframework.extensions.webscripts.ScriptProcessorRegistry] [localhost-startStop-1] Registered script processor Repository Script Processor for extension js
2016-10-25 14:05:54,455 INFO  [org.alfresco.repo.management.subsystems.ChildApplicationContextFactory] [localhost-startStop-1] Starting 'ContentStore' subsystem, ID: [ContentStore, managed, unencrypted]
2016-10-25 14:05:54,723 INFO  [org.alfresco.repo.management.subsystems.ChildApplicationContextFactory] [localhost-startStop-1] Startup of 'ContentStore' subsystem, ID: [ContentStore, managed, unencrypted] complete
2016-10-25 14:05:54,838 INFO  [org.alfresco.repo.domain.schema.SchemaBootstrap] [localhost-startStop-1] Connecting to database: jdbc:h2:C:\Users\sreeharsha\git\usda\swim/alf_data_dev/h2_data/alf_dev, UserName=ALFRESCO, H2 JDBC Driver
2016-10-25 14:05:54,838 INFO  [org.alfresco.repo.domain.schema.SchemaBootstrap] [localhost-startStop-1] Schema managed by database dialect org.hibernate.dialect.H2Dialect.
2016-10-25 14:05:56,755 INFO  [org.alfresco.repo.domain.schema.SchemaBootstrap] [localhost-startStop-1] No changes were made to the schema.
2016-10-25 14:05:57,698 INFO  [org.alfresco.repo.management.subsystems.ChildApplicationContextFactory] [localhost-startStop-1] Starting 'Authentication' subsystem, ID: [Authentication, managed, alfrescoNtlm1]
2016-10-25 14:05:58,361 INFO  [org.alfresco.repo.management.subsystems.ChildApplicationContextFactory] [localhost-startStop-1] Startup of 'Authentication' subsystem, ID: [Authentication, managed, alfrescoNtlm1] complete
2016-10-25 14:06:00,040 INFO  [org.alfresco.repo.management.subsystems.ChildApplicationContextFactory] [localhost-startStop-1] Starting 'thirdparty' subsystem, ID: [thirdparty, default]
2016-10-25 14:06:00,230 ERROR [org.alfresco.repo.content.transform.magick.AbstractImageMagickContentTransformerWorker] [localhost-startStop-1] ImageMagickContentTransformerWorker not available: 09250001 Failed to perform ImageMagick transformation: 
Execution result: 
   os:         Windows 8.1
   command:    ./ImageMagick/bin/convert C:\Users\sreeharsha\git\usda\swim\target\Alfresco\ImageMagickContentTransformerWorker_init_source_8894569522151973347.gif C:\Users\sreeharsha\git\usda\swim\target\Alfresco\ImageMagickContentTransformerWorker_init_target_2849086568049834959.png
   succeeded:  false
   exit code:  1
   out:        
   err:        Cannot run program "./ImageMagick/bin/convert": CreateProcess error=2, The system cannot find the file specified
2016-10-25 14:06:00,231 INFO  [org.alfresco.repo.management.subsystems.ChildApplicationContextFactory] [localhost-startStop-1] Startup of 'thirdparty' subsystem, ID: [thirdparty, default] complete
2016-10-25 14:06:00,232 INFO  [org.alfresco.repo.management.subsystems.ChildApplicationContextFactory] [localhost-startStop-1] Starting 'OOoDirect' subsystem, ID: [OOoDirect, default]
2016-10-25 14:06:01,683 ERROR [org.alfresco.util.exec.RuntimeExecBootstrapBean] [localhost-startStop-1] Bootstrap command failed: 
Execution result: 
   os:         Windows 8.1
   command:    soffice -accept=socket,host=127.0.0.1,port=8100;urp;StarOffice.ServiceManager -env:UserInstallation=file:///C:/Users/sreeharsha/git/usda/swim/alf_data_dev/oouser -headless -nocrashreport -nofirststartwizard -nologo -norestore
   succeeded:  false
   exit code:  2
   out:        
   err:        Cannot run program "soffice": CreateProcess error=2, The system cannot find the file specified
2016-10-25 14:06:03,962 WARN  [org.alfresco.util.OpenOfficeConnectionTester] [localhost-startStop-1] An initial OpenOffice connection could not be established.
2016-10-25 14:06:03,966 INFO  [org.alfresco.repo.management.subsystems.ChildApplicationContextFactory] [localhost-startStop-1] Startup of 'OOoDirect' subsystem, ID: [OOoDirect, default] complete
2016-10-25 14:06:03,974 INFO  [org.alfresco.repo.admin.ConfigurationChecker] [localhost-startStop-1] The Alfresco root data directory ('dir.root') is: C:\Users\sreeharsha\git\usda\swim\alf_data_dev
2016-10-25 14:06:03,975 INFO  [org.alfresco.repo.management.subsystems.ChildApplicationContextFactory] [localhost-startStop-1] Starting 'Search' subsystem, ID: [Search, hidden]
2016-10-25 14:06:07,938 ERROR [org.alfresco.repo.search.impl.lucene.fts.FullTextSearchIndexerBootstrapBean] [localhost-startStop-1] The lucene search subsystem is not supported. Please see http://docs.alfresco.com/null.null/tasks/lucene-solr4-migration.html
2016-10-25 14:06:07,958 INFO  [org.alfresco.repo.management.subsystems.ChildApplicationContextFactory] [localhost-startStop-1] Startup of 'Search' subsystem, ID: [Search, hidden] complete
2016-10-25 14:06:08,143 INFO  [org.alfresco.repo.admin.patch.PatchExecuter] [localhost-startStop-1] Checking for patches to apply ...
2016-10-25 14:06:09,509 INFO  [org.alfresco.repo.admin.patch.PatchExecuter] [localhost-startStop-1] No patches were required.
2016-10-25 14:06:09,675 INFO  [org.alfresco.repo.module.ModuleServiceImpl] [localhost-startStop-1] Found 2 module package(s).
2016-10-25 14:06:09,835 INFO  [org.alfresco.repo.module.ModuleServiceImpl] [localhost-startStop-1] Starting module 'alfresco-share-services' version 5.1.0.
2016-10-25 14:06:09,921 INFO  [org.alfresco.repo.module.ModuleServiceImpl] [localhost-startStop-1] Starting module 'swim' version 1.0-SNAPSHOT.
2016-10-25 14:06:10,026 INFO  [org.alfresco.repo.management.subsystems.ChildApplicationContextFactory] [localhost-startStop-1] Starting 'fileServers' subsystem, ID: [fileServers, default]
2016-10-25 14:06:11,602 INFO  [org.alfresco.repo.management.subsystems.ChildApplicationContextFactory] [localhost-startStop-1] Starting 'sysAdmin' subsystem, ID: [sysAdmin, default]
2016-10-25 14:06:11,857 INFO  [org.alfresco.repo.management.subsystems.ChildApplicationContextFactory] [localhost-startStop-1] Startup of 'sysAdmin' subsystem, ID: [sysAdmin, default] complete
2016-10-25 14:06:11,966 INFO  [org.alfresco.repo.management.subsystems.ChildApplicationContextFactory] [localhost-startStop-1] Startup of 'fileServers' subsystem, ID: [fileServers, default] complete
2016-10-25 14:06:11,966 INFO  [org.alfresco.repo.management.subsystems.ChildApplicationContextFactory] [localhost-startStop-1] Starting 'imap' subsystem, ID: [imap, default]
2016-10-25 14:06:12,679 INFO  [org.alfresco.repo.management.subsystems.ChildApplicationContextFactory] [localhost-startStop-1] Startup of 'imap' subsystem, ID: [imap, default] complete
2016-10-25 14:06:12,679 INFO  [org.alfresco.repo.management.subsystems.ChildApplicationContextFactory] [localhost-startStop-1] Starting 'email' subsystem, ID: [email, outbound]
2016-10-25 14:06:14,552 INFO  [org.alfresco.repo.management.subsystems.ChildApplicationContextFactory] [localhost-startStop-1] Startup of 'email' subsystem, ID: [email, outbound] complete
2016-10-25 14:06:14,553 INFO  [org.alfresco.repo.management.subsystems.ChildApplicationContextFactory] [localhost-startStop-1] Starting 'email' subsystem, ID: [email, inbound]
2016-10-25 14:06:14,865 INFO  [org.alfresco.repo.management.subsystems.ChildApplicationContextFactory] [localhost-startStop-1] Startup of 'email' subsystem, ID: [email, inbound] complete
2016-10-25 14:06:14,866 INFO  [org.alfresco.repo.management.subsystems.ChildApplicationContextFactory] [localhost-startStop-1] Starting 'Subscriptions' subsystem, ID: [Subscriptions, default]
2016-10-25 14:06:14,957 INFO  [org.alfresco.repo.management.subsystems.ChildApplicationContextFactory] [localhost-startStop-1] Startup of 'Subscriptions' subsystem, ID: [Subscriptions, default] complete
2016-10-25 14:06:15,072 INFO  [org.alfresco.repo.management.subsystems.ChildApplicationContextFactory] [localhost-startStop-1] Starting 'Synchronization' subsystem, ID: [Synchronization, default]
2016-10-25 14:06:15,854 INFO  [org.alfresco.repo.management.subsystems.ChildApplicationContextFactory] [localhost-startStop-1] Startup of 'Synchronization' subsystem, ID: [Synchronization, default] complete
2016-10-25 14:06:16,005 INFO  [org.alfresco.service.descriptor.DescriptorService] [localhost-startStop-1] Alfresco JVM - v1.8.0_45-b15; maximum heap size 498.500MB
2016-10-25 14:06:16,013 WARN  [org.alfresco.service.descriptor.DescriptorService] [localhost-startStop-1] Alfresco JVM - WARNING - maximum heap size 498.500MB is less than recommended 512MB
2016-10-25 14:06:16,015 INFO  [org.alfresco.service.descriptor.DescriptorService] [localhost-startStop-1] Server Mode :UNKNOWN
2016-10-25 14:06:16,048 INFO  [org.alfresco.service.descriptor.DescriptorService] [localhost-startStop-1] Alfresco started (Community). Current version: 5.1.0 (r122274-b3) schema 9,016. Originally installed version: 5.1.0 (r122274-b3) schema 9,016.
2016-10-25 14:06:16,099 INFO  [org.alfresco.repo.management.subsystems.ChildApplicationContextFactory] [localhost-startStop-1] Starting 'ActivitiesFeed' subsystem, ID: [ActivitiesFeed, default]
2016-10-25 14:06:17,892 INFO  [org.alfresco.repo.management.subsystems.ChildApplicationContextFactory] [localhost-startStop-1] Startup of 'ActivitiesFeed' subsystem, ID: [ActivitiesFeed, default] complete
2016-10-25 14:06:17,892 INFO  [org.alfresco.repo.management.subsystems.ChildApplicationContextFactory] [localhost-startStop-1] Starting 'Replication' subsystem, ID: [Replication, default]
2016-10-25 14:06:18,008 INFO  [org.alfresco.repo.management.subsystems.ChildApplicationContextFactory] [localhost-startStop-1] Startup of 'Replication' subsystem, ID: [Replication, default] complete
2016-10-25 14:06:41,599 INFO  [org.springframework.extensions.webscripts.DeclarativeRegistry] [asynchronouslyRefreshedCacheThreadPool1] Registered 397 Web Scripts (+0 failed), 547 URLs
2016-10-25 14:06:41,604 INFO  [org.springframework.extensions.webscripts.DeclarativeRegistry] [asynchronouslyRefreshedCacheThreadPool1] Registered 1 Package Description Documents (+0 failed) 
2016-10-25 14:06:41,604 INFO  [org.springframework.extensions.webscripts.DeclarativeRegistry] [asynchronouslyRefreshedCacheThreadPool1] Registered 0 Schema Description Documents (+0 failed) 
2016-10-25 14:06:53,765 INFO  [org.springframework.extensions.webscripts.DeclarativeRegistry] [localhost-startStop-1] Registered 397 Web Scripts (+0 failed), 547 URLs
2016-10-25 14:06:53,766 INFO  [org.springframework.extensions.webscripts.DeclarativeRegistry] [localhost-startStop-1] Registered 1 Package Description Documents (+0 failed) 
2016-10-25 14:06:53,766 INFO  [org.springframework.extensions.webscripts.DeclarativeRegistry] [localhost-startStop-1] Registered 0 Schema Description Documents (+0 failed) 
2016-10-25 14:06:53,791 INFO  [org.springframework.extensions.webscripts.AbstractRuntimeContainer] [localhost-startStop-1] Initialised Repository Web Script Container (in 31634.889ms)
2016-10-25 14:06:54,354 INFO  [org.springframework.extensions.webscripts.TemplateProcessorRegistry] [localhost-startStop-1] Registered template processor freemarker for extension ftl
2016-10-25 14:06:54,361 INFO  [org.springframework.extensions.webscripts.ScriptProcessorRegistry] [localhost-startStop-1] Registered script processor javascript for extension js
2016-10-25 14:07:02,968 INFO  [org.springframework.extensions.webscripts.DeclarativeRegistry] [asynchronouslyRefreshedCacheThreadPool1] Registered 397 Web Scripts (+0 failed), 547 URLs
2016-10-25 14:07:02,969 INFO  [org.springframework.extensions.webscripts.DeclarativeRegistry] [asynchronouslyRefreshedCacheThreadPool1] Registered 1 Package Description Documents (+0 failed) 
2016-10-25 14:07:02,969 INFO  [org.springframework.extensions.webscripts.DeclarativeRegistry] [asynchronouslyRefreshedCacheThreadPool1] Registered 0 Schema Description Documents (+0 failed) 
2016-10-25 14:07:03,134 INFO  [org.springframework.extensions.webscripts.DeclarativeRegistry] [asynchronouslyRefreshedCacheThreadPool1] Registered 11 Web Scripts (+0 failed), 82 URLs
2016-10-25 14:07:03,134 INFO  [org.springframework.extensions.webscripts.DeclarativeRegistry] [asynchronouslyRefreshedCacheThreadPool1] Registered 0 Package Description Documents (+0 failed) 
2016-10-25 14:07:03,135 INFO  [org.springframework.extensions.webscripts.DeclarativeRegistry] [asynchronouslyRefreshedCacheThreadPool1] Registered 0 Schema Description Documents (+0 failed) 
2016-10-25 14:07:03,287 INFO  [org.springframework.extensions.webscripts.DeclarativeRegistry] [localhost-startStop-1] Registered 11 Web Scripts (+0 failed), 82 URLs
2016-10-25 14:07:03,287 INFO  [org.springframework.extensions.webscripts.DeclarativeRegistry] [localhost-startStop-1] Registered 0 Package Description Documents (+0 failed) 
2016-10-25 14:07:03,287 INFO  [org.springframework.extensions.webscripts.DeclarativeRegistry] [localhost-startStop-1] Registered 0 Schema Description Documents (+0 failed) 
2016-10-25 14:07:03,292 INFO  [org.springframework.extensions.webscripts.AbstractRuntimeContainer] [localhost-startStop-1] Initialised Public Api Web Script Container (in 7422.7925ms)
2016-10-25 14:07:03,413 INFO  [org.springframework.extensions.webscripts.DeclarativeRegistry] [asynchronouslyRefreshedCacheThreadPool1] Registered 11 Web Scripts (+0 failed), 82 URLs
2016-10-25 14:07:03,414 INFO  [org.springframework.extensions.webscripts.DeclarativeRegistry] [asynchronouslyRefreshedCacheThreadPool1] Registered 0 Package Description Documents (+0 failed) 
2016-10-25 14:07:03,414 INFO  [org.springframework.extensions.webscripts.DeclarativeRegistry] [asynchronouslyRefreshedCacheThreadPool1] Registered 0 Schema Description Documents (+0 failed) 
2016-10-25 14:07:18,484 INFO  [org.springframework.extensions.webscripts.DeclarativeRegistry] [http-bio-8080-exec-6] Registered 397 Web Scripts (+0 failed), 547 URLs
2016-10-25 14:07:18,485 INFO  [org.springframework.extensions.webscripts.DeclarativeRegistry] [http-bio-8080-exec-6] Registered 1 Package Description Documents (+0 failed) 
2016-10-25 14:07:18,485 INFO  [org.springframework.extensions.webscripts.DeclarativeRegistry] [http-bio-8080-exec-6] Registered 0 Schema Description Documents (+0 failed) 
2016-10-25 14:07:18,492 INFO  [org.springframework.extensions.webscripts.AbstractRuntimeContainer] [http-bio-8080-exec-6] Initialised Repository Web Script Container (in 6569.6445ms)
2016-10-25 14:07:23,438 INFO  [org.springframework.extensions.webscripts.DeclarativeRegistry] [asynchronouslyRefreshedCacheThreadPool1] Registered 397 Web Scripts (+0 failed), 547 URLs
2016-10-25 14:07:23,438 INFO  [org.springframework.extensions.webscripts.DeclarativeRegistry] [asynchronouslyRefreshedCacheThreadPool1] Registered 1 Package Description Documents (+0 failed) 
2016-10-25 14:07:23,438 INFO  [org.springframework.extensions.webscripts.DeclarativeRegistry] [asynchronouslyRefreshedCacheThreadPool1] Registered 0 Schema Description Documents (+0 failed) 
2016-10-25 14:09:54,739 WARN  [org.springframework.extensions.webscripts.DeclarativeRegistry] [http-bio-8080-exec-10] Unable to register script classpath:alfresco/extension/templates/webscripts/file:/C:/Users/sreeharsha/git/usda/swim/target/test-classes/alfresco/extension/templates/webscripts/helloworld.get.desc.xml due to error: 09250007 Failed to read Web Script description document classpath:alfresco/extension/templates/webscriptsfile:/C:/Users/sreeharsha/git/usda/swim/target/test-classes/alfresco/extension/templates/webscripts/helloworld.get.desc.xml ; Document file:/C:/Users/sreeharsha/git/usda/swim/target/test-classes/alfresco/extension/templates/webscripts/helloworld.get.desc.xml does not exist within store classpath:alfresco/extension/templates/webscripts
2016-10-25 14:09:54,740 INFO  [org.springframework.extensions.webscripts.DeclarativeRegistry] [http-bio-8080-exec-10] Registered 397 Web Scripts (+1 failed), 547 URLs
2016-10-25 14:09:54,740 INFO  [org.springframework.extensions.webscripts.DeclarativeRegistry] [http-bio-8080-exec-10] Registered 1 Package Description Documents (+0 failed) 
2016-10-25 14:09:54,740 INFO  [org.springframework.extensions.webscripts.DeclarativeRegistry] [http-bio-8080-exec-10] Registered 0 Schema Description Documents (+0 failed) 
2016-10-25 14:09:54,756 INFO  [org.springframework.extensions.webscripts.AbstractRuntimeContainer] [http-bio-8080-exec-10] Initialised Repository Web Script Container (in 10495.929ms)
2016-10-25 14:10:03,327 WARN  [org.springframework.extensions.webscripts.DeclarativeRegistry] [asynchronouslyRefreshedCacheThreadPool1] Unable to register script classpath:alfresco/extension/templates/webscripts/file:/C:/Users/sreeharsha/git/usda/swim/target/test-classes/alfresco/extension/templates/webscripts/helloworld.get.desc.xml due to error: 09250008 Failed to read Web Script description document classpath:alfresco/extension/templates/webscriptsfile:/C:/Users/sreeharsha/git/usda/swim/target/test-classes/alfresco/extension/templates/webscripts/helloworld.get.desc.xml ; Document file:/C:/Users/sreeharsha/git/usda/swim/target/test-classes/alfresco/extension/templates/webscripts/helloworld.get.desc.xml does not exist within store classpath:alfresco/extension/templates/webscripts
2016-10-25 14:10:03,329 INFO  [org.springframework.extensions.webscripts.DeclarativeRegistry] [asynchronouslyRefreshedCacheThreadPool1] Registered 397 Web Scripts (+1 failed), 547 URLs
2016-10-25 14:10:03,329 INFO  [org.springframework.extensions.webscripts.DeclarativeRegistry] [asynchronouslyRefreshedCacheThreadPool1] Registered 1 Package Description Documents (+0 failed) 
2016-10-25 14:10:03,329 INFO  [org.springframework.extensions.webscripts.DeclarativeRegistry] [asynchronouslyRefreshedCacheThreadPool1] Registered 0 Schema Description Documents (+0 failed) 
2016-10-25 14:14:30,955 WARN  [org.springframework.extensions.webscripts.DeclarativeRegistry] [http-bio-8080-exec-6] Unable to register script classpath:alfresco/extension/templates/webscripts/file:/C:/Users/sreeharsha/git/usda/swim/target/test-classes/alfresco/extension/templates/webscripts/helloworld.get.desc.xml due to error: 09250011 Failed to read Web Script description document classpath:alfresco/extension/templates/webscriptsfile:/C:/Users/sreeharsha/git/usda/swim/target/test-classes/alfresco/extension/templates/webscripts/helloworld.get.desc.xml ; Document file:/C:/Users/sreeharsha/git/usda/swim/target/test-classes/alfresco/extension/templates/webscripts/helloworld.get.desc.xml does not exist within store classpath:alfresco/extension/templates/webscripts
2016-10-25 14:14:30,957 INFO  [org.springframework.extensions.webscripts.DeclarativeRegistry] [http-bio-8080-exec-6] Registered 397 Web Scripts (+1 failed), 547 URLs
2016-10-25 14:14:30,957 INFO  [org.springframework.extensions.webscripts.DeclarativeRegistry] [http-bio-8080-exec-6] Registered 1 Package Description Documents (+0 failed) 
2016-10-25 14:14:30,957 INFO  [org.springframework.extensions.webscripts.DeclarativeRegistry] [http-bio-8080-exec-6] Registered 0 Schema Description Documents (+0 failed) 
2016-10-25 14:14:30,975 INFO  [org.springframework.extensions.webscripts.AbstractRuntimeContainer] [http-bio-8080-exec-6] Initialised Repository Web Script Container (in 10638.777ms)
2016-10-25 14:14:38,774 WARN  [org.springframework.extensions.webscripts.DeclarativeRegistry] [asynchronouslyRefreshedCacheThreadPool1] Unable to register script classpath:alfresco/extension/templates/webscripts/file:/C:/Users/sreeharsha/git/usda/swim/target/test-classes/alfresco/extension/templates/webscripts/helloworld.get.desc.xml due to error: 09250012 Failed to read Web Script description document classpath:alfresco/extension/templates/webscriptsfile:/C:/Users/sreeharsha/git/usda/swim/target/test-classes/alfresco/extension/templates/webscripts/helloworld.get.desc.xml ; Document file:/C:/Users/sreeharsha/git/usda/swim/target/test-classes/alfresco/extension/templates/webscripts/helloworld.get.desc.xml does not exist within store classpath:alfresco/extension/templates/webscripts
2016-10-25 14:14:38,774 INFO  [org.springframework.extensions.webscripts.DeclarativeRegistry] [asynchronouslyRefreshedCacheThreadPool1] Registered 397 Web Scripts (+1 failed), 547 URLs
2016-10-25 14:14:38,774 INFO  [org.springframework.extensions.webscripts.DeclarativeRegistry] [asynchronouslyRefreshedCacheThreadPool1] Registered 1 Package Description Documents (+0 failed) 
2016-10-25 14:14:38,774 INFO  [org.springframework.extensions.webscripts.DeclarativeRegistry] [asynchronouslyRefreshedCacheThreadPool1] Registered 0 Schema Description Documents (+0 failed) 
2016-10-25 14:15:11,147 INFO  [org.springframework.extensions.webscripts.DeclarativeRegistry] [http-bio-8080-exec-6] Registered 397 Web Scripts (+0 failed), 547 URLs
2016-10-25 14:15:11,148 INFO  [org.springframework.extensions.webscripts.DeclarativeRegistry] [http-bio-8080-exec-6] Registered 1 Package Description Documents (+0 failed) 
2016-10-25 14:15:11,148 INFO  [org.springframework.extensions.webscripts.DeclarativeRegistry] [http-bio-8080-exec-6] Registered 0 Schema Description Documents (+0 failed) 
2016-10-25 14:15:11,160 INFO  [org.springframework.extensions.webscripts.AbstractRuntimeContainer] [http-bio-8080-exec-6] Initialised Repository Web Script Container (in 9839.97ms)
2016-10-25 14:15:18,546 INFO  [org.springframework.extensions.webscripts.DeclarativeRegistry] [asynchronouslyRefreshedCacheThreadPool1] Registered 397 Web Scripts (+0 failed), 547 URLs
2016-10-25 14:15:18,547 INFO  [org.springframework.extensions.webscripts.DeclarativeRegistry] [asynchronouslyRefreshedCacheThreadPool1] Registered 1 Package Description Documents (+0 failed) 
2016-10-25 14:15:18,547 INFO  [org.springframework.extensions.webscripts.DeclarativeRegistry] [asynchronouslyRefreshedCacheThreadPool1] Registered 0 Schema Description Documents (+0 failed) 
2016-10-25 14:18:29,266 WARN  [org.springframework.extensions.webscripts.DeclarativeRegistry] [http-bio-8080-exec-10] Unable to register script classpath:alfresco/extension/templates/webscripts/file:/C:/Users/sreeharsha/git/usda/swim/target/test-classes/alfresco/extension/templates/webscripts/helloworld.get.desc.xml due to error: 09250017 Failed to read Web Script description document classpath:alfresco/extension/templates/webscriptsfile:/C:/Users/sreeharsha/git/usda/swim/target/test-classes/alfresco/extension/templates/webscripts/helloworld.get.desc.xml ; Document file:/C:/Users/sreeharsha/git/usda/swim/target/test-classes/alfresco/extension/templates/webscripts/helloworld.get.desc.xml does not exist within store classpath:alfresco/extension/templates/webscripts
2016-10-25 14:18:29,266 INFO  [org.springframework.extensions.webscripts.DeclarativeRegistry] [http-bio-8080-exec-10] Registered 397 Web Scripts (+1 failed), 547 URLs
2016-10-25 14:18:29,267 INFO  [org.springframework.extensions.webscripts.DeclarativeRegistry] [http-bio-8080-exec-10] Registered 1 Package Description Documents (+0 failed) 
2016-10-25 14:18:29,267 INFO  [org.springframework.extensions.webscripts.DeclarativeRegistry] [http-bio-8080-exec-10] Registered 0 Schema Description Documents (+0 failed) 
2016-10-25 14:18:29,278 INFO  [org.springframework.extensions.webscripts.AbstractRuntimeContainer] [http-bio-8080-exec-10] Initialised Repository Web Script Container (in 8939.509ms)
2016-10-25 14:18:37,821 WARN  [org.springframework.extensions.webscripts.DeclarativeRegistry] [asynchronouslyRefreshedCacheThreadPool1] Unable to register script classpath:alfresco/extension/templates/webscripts/file:/C:/Users/sreeharsha/git/usda/swim/target/test-classes/alfresco/extension/templates/webscripts/helloworld.get.desc.xml due to error: 09250018 Failed to read Web Script description document classpath:alfresco/extension/templates/webscriptsfile:/C:/Users/sreeharsha/git/usda/swim/target/test-classes/alfresco/extension/templates/webscripts/helloworld.get.desc.xml ; Document file:/C:/Users/sreeharsha/git/usda/swim/target/test-classes/alfresco/extension/templates/webscripts/helloworld.get.desc.xml does not exist within store classpath:alfresco/extension/templates/webscripts
2016-10-25 14:18:37,823 INFO  [org.springframework.extensions.webscripts.DeclarativeRegistry] [asynchronouslyRefreshedCacheThreadPool1] Registered 397 Web Scripts (+1 failed), 547 URLs
2016-10-25 14:18:37,823 INFO  [org.springframework.extensions.webscripts.DeclarativeRegistry] [asynchronouslyRefreshedCacheThreadPool1] Registered 1 Package Description Documents (+0 failed) 
2016-10-25 14:18:37,823 INFO  [org.springframework.extensions.webscripts.DeclarativeRegistry] [asynchronouslyRefreshedCacheThreadPool1] Registered 0 Schema Description Documents (+0 failed) 
2016-10-25 14:21:08,556 WARN  [org.springframework.extensions.webscripts.DeclarativeRegistry] [http-bio-8080-exec-2] Unable to register script classpath:alfresco/extension/templates/webscripts/file:/C:/Users/sreeharsha/git/usda/swim/target/test-classes/alfresco/extension/templates/webscripts/helloworld.get.desc.xml due to error: 09250021 Failed to read Web Script description document classpath:alfresco/extension/templates/webscriptsfile:/C:/Users/sreeharsha/git/usda/swim/target/test-classes/alfresco/extension/templates/webscripts/helloworld.get.desc.xml ; Document file:/C:/Users/sreeharsha/git/usda/swim/target/test-classes/alfresco/extension/templates/webscripts/helloworld.get.desc.xml does not exist within store classpath:alfresco/extension/templates/webscripts
2016-10-25 14:21:08,558 INFO  [org.springframework.extensions.webscripts.DeclarativeRegistry] [http-bio-8080-exec-2] Registered 397 Web Scripts (+1 failed), 547 URLs
2016-10-25 14:21:08,558 INFO  [org.springframework.extensions.webscripts.DeclarativeRegistry] [http-bio-8080-exec-2] Registered 1 Package Description Documents (+0 failed) 
2016-10-25 14:21:08,558 INFO  [org.springframework.extensions.webscripts.DeclarativeRegistry] [http-bio-8080-exec-2] Registered 0 Schema Description Documents (+0 failed) 
2016-10-25 14:21:08,570 INFO  [org.springframework.extensions.webscripts.AbstractRuntimeContainer] [http-bio-8080-exec-2] Initialised Repository Web Script Container (in 10832.941ms)
2016-10-25 14:21:17,852 WARN  [org.springframework.extensions.webscripts.DeclarativeRegistry] [asynchronouslyRefreshedCacheThreadPool1] Unable to register script classpath:alfresco/extension/templates/webscripts/file:/C:/Users/sreeharsha/git/usda/swim/target/test-classes/alfresco/extension/templates/webscripts/helloworld.get.desc.xml due to error: 09250022 Failed to read Web Script description document classpath:alfresco/extension/templates/webscriptsfile:/C:/Users/sreeharsha/git/usda/swim/target/test-classes/alfresco/extension/templates/webscripts/helloworld.get.desc.xml ; Document file:/C:/Users/sreeharsha/git/usda/swim/target/test-classes/alfresco/extension/templates/webscripts/helloworld.get.desc.xml does not exist within store classpath:alfresco/extension/templates/webscripts
2016-10-25 14:21:17,852 INFO  [org.springframework.extensions.webscripts.DeclarativeRegistry] [asynchronouslyRefreshedCacheThreadPool1] Registered 397 Web Scripts (+1 failed), 547 URLs
2016-10-25 14:21:17,852 INFO  [org.springframework.extensions.webscripts.DeclarativeRegistry] [asynchronouslyRefreshedCacheThreadPool1] Registered 1 Package Description Documents (+0 failed) 
2016-10-25 14:21:17,852 INFO  [org.springframework.extensions.webscripts.DeclarativeRegistry] [asynchronouslyRefreshedCacheThreadPool1] Registered 0 Schema Description Documents (+0 failed) 
2016-10-25 14:21:18,118 WARN  [org.springframework.extensions.webscripts.DeclarativeRegistry] [http-bio-8080-exec-9] Unable to register script classpath:alfresco/extension/templates/webscripts/file:/C:/Users/sreeharsha/git/usda/swim/target/test-classes/alfresco/extension/templates/webscripts/helloworld.get.desc.xml due to error: 09250025 Failed to read Web Script description document classpath:alfresco/extension/templates/webscriptsfile:/C:/Users/sreeharsha/git/usda/swim/target/test-classes/alfresco/extension/templates/webscripts/helloworld.get.desc.xml ; Document file:/C:/Users/sreeharsha/git/usda/swim/target/test-classes/alfresco/extension/templates/webscripts/helloworld.get.desc.xml does not exist within store classpath:alfresco/extension/templates/webscripts
2016-10-25 14:21:18,120 INFO  [org.springframework.extensions.webscripts.DeclarativeRegistry] [http-bio-8080-exec-9] Registered 397 Web Scripts (+1 failed), 547 URLs
2016-10-25 14:21:18,120 INFO  [org.springframework.extensions.webscripts.DeclarativeRegistry] [http-bio-8080-exec-9] Registered 1 Package Description Documents (+0 failed) 
2016-10-25 14:21:18,121 INFO  [org.springframework.extensions.webscripts.DeclarativeRegistry] [http-bio-8080-exec-9] Registered 0 Schema Description Documents (+0 failed) 
2016-10-25 14:21:18,141 INFO  [org.springframework.extensions.webscripts.AbstractRuntimeContainer] [http-bio-8080-exec-9] Initialised Repository Web Script Container (in 6887.2905ms)
2016-10-25 14:21:29,314 WARN  [org.springframework.extensions.webscripts.DeclarativeRegistry] [asynchronouslyRefreshedCacheThreadPool1] Unable to register script classpath:alfresco/extension/templates/webscripts/file:/C:/Users/sreeharsha/git/usda/swim/target/test-classes/alfresco/extension/templates/webscripts/helloworld.get.desc.xml due to error: 09250026 Failed to read Web Script description document classpath:alfresco/extension/templates/webscriptsfile:/C:/Users/sreeharsha/git/usda/swim/target/test-classes/alfresco/extension/templates/webscripts/helloworld.get.desc.xml ; Document file:/C:/Users/sreeharsha/git/usda/swim/target/test-classes/alfresco/extension/templates/webscripts/helloworld.get.desc.xml does not exist within store classpath:alfresco/extension/templates/webscripts
2016-10-25 14:21:29,315 INFO  [org.springframework.extensions.webscripts.DeclarativeRegistry] [asynchronouslyRefreshedCacheThreadPool1] Registered 397 Web Scripts (+1 failed), 547 URLs
2016-10-25 14:21:29,315 INFO  [org.springframework.extensions.webscripts.DeclarativeRegistry] [asynchronouslyRefreshedCacheThreadPool1] Registered 1 Package Description Documents (+0 failed) 
2016-10-25 14:21:29,316 INFO  [org.springframework.extensions.webscripts.DeclarativeRegistry] [asynchronouslyRefreshedCacheThreadPool1] Registered 0 Schema Description Documents (+0 failed) 
2016-10-25 14:21:29,339 WARN  [org.springframework.extensions.webscripts.DeclarativeRegistry] [http-bio-8080-exec-2] Unable to register script classpath:alfresco/extension/templates/webscripts/file:/C:/Users/sreeharsha/git/usda/swim/target/test-classes/alfresco/extension/templates/webscripts/helloworld.get.desc.xml due to error: 09250029 Failed to read Web Script description document classpath:alfresco/extension/templates/webscriptsfile:/C:/Users/sreeharsha/git/usda/swim/target/test-classes/alfresco/extension/templates/webscripts/helloworld.get.desc.xml ; Document file:/C:/Users/sreeharsha/git/usda/swim/target/test-classes/alfresco/extension/templates/webscripts/helloworld.get.desc.xml does not exist within store classpath:alfresco/extension/templates/webscripts
2016-10-25 14:21:29,340 INFO  [org.springframework.extensions.webscripts.DeclarativeRegistry] [http-bio-8080-exec-2] Registered 397 Web Scripts (+1 failed), 547 URLs
2016-10-25 14:21:29,340 INFO  [org.springframework.extensions.webscripts.DeclarativeRegistry] [http-bio-8080-exec-2] Registered 1 Package Description Documents (+0 failed) 
2016-10-25 14:21:29,340 INFO  [org.springframework.extensions.webscripts.DeclarativeRegistry] [http-bio-8080-exec-2] Registered 0 Schema Description Documents (+0 failed) 
2016-10-25 14:21:29,350 INFO  [org.springframework.extensions.webscripts.AbstractRuntimeContainer] [http-bio-8080-exec-2] Initialised Repository Web Script Container (in 8991.129ms)
2016-10-25 14:21:34,855 WARN  [org.springframework.extensions.webscripts.DeclarativeRegistry] [asynchronouslyRefreshedCacheThreadPool1] Unable to register script classpath:alfresco/extension/templates/webscripts/file:/C:/Users/sreeharsha/git/usda/swim/target/test-classes/alfresco/extension/templates/webscripts/helloworld.get.desc.xml due to error: 09250030 Failed to read Web Script description document classpath:alfresco/extension/templates/webscriptsfile:/C:/Users/sreeharsha/git/usda/swim/target/test-classes/alfresco/extension/templates/webscripts/helloworld.get.desc.xml ; Document file:/C:/Users/sreeharsha/git/usda/swim/target/test-classes/alfresco/extension/templates/webscripts/helloworld.get.desc.xml does not exist within store classpath:alfresco/extension/templates/webscripts
2016-10-25 14:21:34,855 INFO  [org.springframework.extensions.webscripts.DeclarativeRegistry] [asynchronouslyRefreshedCacheThreadPool1] Registered 397 Web Scripts (+1 failed), 547 URLs
2016-10-25 14:21:34,855 INFO  [org.springframework.extensions.webscripts.DeclarativeRegistry] [asynchronouslyRefreshedCacheThreadPool1] Registered 1 Package Description Documents (+0 failed) 
2016-10-25 14:21:34,855 INFO  [org.springframework.extensions.webscripts.DeclarativeRegistry] [asynchronouslyRefreshedCacheThreadPool1] Registered 0 Schema Description Documents (+0 failed) 
2016-10-25 14:21:36,899 WARN  [org.springframework.extensions.webscripts.DeclarativeRegistry] [http-bio-8080-exec-9] Unable to register script classpath:alfresco/extension/templates/webscripts/file:/C:/Users/sreeharsha/git/usda/swim/target/test-classes/alfresco/extension/templates/webscripts/helloworld.get.desc.xml due to error: 09250033 Failed to read Web Script description document classpath:alfresco/extension/templates/webscriptsfile:/C:/Users/sreeharsha/git/usda/swim/target/test-classes/alfresco/extension/templates/webscripts/helloworld.get.desc.xml ; Document file:/C:/Users/sreeharsha/git/usda/swim/target/test-classes/alfresco/extension/templates/webscripts/helloworld.get.desc.xml does not exist within store classpath:alfresco/extension/templates/webscripts
2016-10-25 14:21:36,900 INFO  [org.springframework.extensions.webscripts.DeclarativeRegistry] [http-bio-8080-exec-9] Registered 397 Web Scripts (+1 failed), 547 URLs
2016-10-25 14:21:36,901 INFO  [org.springframework.extensions.webscripts.DeclarativeRegistry] [http-bio-8080-exec-9] Registered 1 Package Description Documents (+0 failed) 
2016-10-25 14:21:36,901 INFO  [org.springframework.extensions.webscripts.DeclarativeRegistry] [http-bio-8080-exec-9] Registered 0 Schema Description Documents (+0 failed) 
2016-10-25 14:21:36,914 INFO  [org.springframework.extensions.webscripts.AbstractRuntimeContainer] [http-bio-8080-exec-9] Initialised Repository Web Script Container (in 4902.01ms)
2016-10-25 14:21:45,966 WARN  [org.springframework.extensions.webscripts.DeclarativeRegistry] [asynchronouslyRefreshedCacheThreadPool1] Unable to register script classpath:alfresco/extension/templates/webscripts/file:/C:/Users/sreeharsha/git/usda/swim/target/test-classes/alfresco/extension/templates/webscripts/helloworld.get.desc.xml due to error: 09250034 Failed to read Web Script description document classpath:alfresco/extension/templates/webscriptsfile:/C:/Users/sreeharsha/git/usda/swim/target/test-classes/alfresco/extension/templates/webscripts/helloworld.get.desc.xml ; Document file:/C:/Users/sreeharsha/git/usda/swim/target/test-classes/alfresco/extension/templates/webscripts/helloworld.get.desc.xml does not exist within store classpath:alfresco/extension/templates/webscripts
2016-10-25 14:21:45,967 INFO  [org.springframework.extensions.webscripts.DeclarativeRegistry] [asynchronouslyRefreshedCacheThreadPool1] Registered 397 Web Scripts (+1 failed), 547 URLs
2016-10-25 14:21:45,968 INFO  [org.springframework.extensions.webscripts.DeclarativeRegistry] [asynchronouslyRefreshedCacheThreadPool1] Registered 1 Package Description Documents (+0 failed) 
2016-10-25 14:21:45,968 INFO  [org.springframework.extensions.webscripts.DeclarativeRegistry] [asynchronouslyRefreshedCacheThreadPool1] Registered 0 Schema Description Documents (+0 failed) 
2016-10-25 14:24:03,762 WARN  [org.springframework.extensions.webscripts.DeclarativeRegistry] [http-bio-8080-exec-2] Unable to register script classpath:alfresco/extension/templates/webscripts/file:/C:/Users/sreeharsha/git/usda/swim/target/test-classes/alfresco/extension/templates/webscripts/helloworld.get.desc.xml due to error: 09250037 Failed to read Web Script description document classpath:alfresco/extension/templates/webscriptsfile:/C:/Users/sreeharsha/git/usda/swim/target/test-classes/alfresco/extension/templates/webscripts/helloworld.get.desc.xml ; Document file:/C:/Users/sreeharsha/git/usda/swim/target/test-classes/alfresco/extension/templates/webscripts/helloworld.get.desc.xml does not exist within store classpath:alfresco/extension/templates/webscripts
2016-10-25 14:24:03,763 INFO  [org.springframework.extensions.webscripts.DeclarativeRegistry] [http-bio-8080-exec-2] Registered 397 Web Scripts (+1 failed), 547 URLs
2016-10-25 14:24:03,763 INFO  [org.springframework.extensions.webscripts.DeclarativeRegistry] [http-bio-8080-exec-2] Registered 1 Package Description Documents (+0 failed) 
2016-10-25 14:24:03,763 INFO  [org.springframework.extensions.webscripts.DeclarativeRegistry] [http-bio-8080-exec-2] Registered 0 Schema Description Documents (+0 failed) 
2016-10-25 14:24:03,775 INFO  [org.springframework.extensions.webscripts.AbstractRuntimeContainer] [http-bio-8080-exec-2] Initialised Repository Web Script Container (in 9002.061ms)
2016-10-25 14:24:12,849 WARN  [org.springframework.extensions.webscripts.DeclarativeRegistry] [asynchronouslyRefreshedCacheThreadPool1] Unable to register script classpath:alfresco/extension/templates/webscripts/file:/C:/Users/sreeharsha/git/usda/swim/target/test-classes/alfresco/extension/templates/webscripts/helloworld.get.desc.xml due to error: 09250038 Failed to read Web Script description document classpath:alfresco/extension/templates/webscriptsfile:/C:/Users/sreeharsha/git/usda/swim/target/test-classes/alfresco/extension/templates/webscripts/helloworld.get.desc.xml ; Document file:/C:/Users/sreeharsha/git/usda/swim/target/test-classes/alfresco/extension/templates/webscripts/helloworld.get.desc.xml does not exist within store classpath:alfresco/extension/templates/webscripts
2016-10-25 14:24:12,850 INFO  [org.springframework.extensions.webscripts.DeclarativeRegistry] [asynchronouslyRefreshedCacheThreadPool1] Registered 397 Web Scripts (+1 failed), 547 URLs
2016-10-25 14:24:12,851 INFO  [org.springframework.extensions.webscripts.DeclarativeRegistry] [asynchronouslyRefreshedCacheThreadPool1] Registered 1 Package Description Documents (+0 failed) 
2016-10-25 14:24:12,851 INFO  [org.springframework.extensions.webscripts.DeclarativeRegistry] [asynchronouslyRefreshedCacheThreadPool1] Registered 0 Schema Description Documents (+0 failed) 
